<?xml version="1.0" encoding="UTF-8"?>
<testsuite xmlns:xsi="http://www.w3.org/2001/XMLSchema-instance" xsi:noNamespaceSchemaLocation="https://maven.apache.org/surefire/maven-surefire-plugin/xsd/surefire-test-report-3.0.xsd" version="3.0" name="TestSuite" time="37.269" tests="30" errors="0" skipped="0" failures="0">
  <properties>
[...]
</properties>
  <testcase name="verifyHeaderText" classname="tests.DelaysTest" time="0.026">
    <system-err><![CDATA[Jun 28, 2025 7:57:08 PM org.openqa.selenium.devtools.CdpVersionFinder findNearestMatch
WARNING: Unable to find an exact match for CDP version 138, returning the closest version; found: 136; Please update to a Selenium version that supports CDP version 138
]]></system-err>
  </testcase>
  <testcase name="testDelaysPage" classname="tests.DelaysTest" time="10.232"/>
  <testcase name="verifyHeaderText" classname="tests.FormFieldsTest" time="0.014"/>
  <testcase name="fillFields" classname="tests.FormFieldsTest" time="0.71"/>
  <testcase name="acceptAlert" classname="tests.FormFieldsTest" time="0.011"/>
  <testcase name="verifyHeaderText" classname="tests.PopupsTest" time="0.018"/>
  <testcase name="testAlertPopup" classname="tests.PopupsTest" time="0.055"/>
  <testcase name="testConfirmPopup" classname="tests.PopupsTest" time="0.154"/>
  <testcase name="testPromptPopup" classname="tests.PopupsTest" time="0.15"/>
  <testcase name="verifyHeaderText" classname="tests.SliderTest" time="0.013"/>
  <testcase name="moveSliderBy101" classname="tests.SliderTest" time="0.023"/>
  <testcase name="moveSliderBy50" classname="tests.SliderTest" time="0.018"/>
  <testcase name="moveSliderByNegative1" classname="tests.SliderTest" time="0.019"/>
  <testcase name="verifyHeaderText" classname="tests.CalendarsTest" time="0.03"/>
  <testcase name="verifyDateSelection" classname="tests.CalendarsTest" time="0.024"/>
  <testcase name="verifyHeaderText" classname="tests.ModalsTest" time="0.049"/>
  <testcase name="verifySimpleModal" classname="tests.ModalsTest" time="0.694"/>
  <testcase name="verifyFormModal" classname="tests.ModalsTest" time="0.692"/>
  <testcase name="verifyHeaderText" classname="tests.TablesTest" time="0.012"/>
  <testcase name="verifyItemsPrices" classname="tests.TablesTest" time="0.109"/>
  <testcase name="verifyHeaderText" classname="tests.WindowOperationsTest" time="0.016"/>
  <testcase name="verifyNewTabOpensAndCloses" classname="tests.WindowOperationsTest" time="1.445"/>
  <testcase name="verifyWindowIsReplaced" classname="tests.WindowOperationsTest" time="0.527"/>
  <testcase name="verifyNewWindowOpensAndCloses" classname="tests.WindowOperationsTest" time="0.556"/>
  <testcase name="verifyHeaderText" classname="tests.HoverTest" time="0.013"/>
  <testcase name="verifyHoverWorks" classname="tests.HoverTest" time="0.164"/>
  <testcase name="verifyHeaderText" classname="tests.AdsTest" time="0.012"/>
  <testcase name="verifyAd" classname="tests.AdsTest" time="4.817"/>
  <testcase name="verifyHeaderText" classname="tests.GesturesTest" time="0.014"/>
  <testcase name="performGesturesActions" classname="tests.GesturesTest" time="0.643"/>
</testsuite>