<?xml version="1.0" encoding="UTF-8"?>
<!-- Generated by org.testng.reporters.JUnitReportReporter -->
<testsuite hostname="DESKTOP-C47RPAV" failures="0" tests="3" name="tests.FormFieldsTest" time="0.736" errors="0" timestamp="2025-06-28T19:57:44 GET" skipped="0">
  <testcase classname="tests.FormFieldsTest" name="verifyHeaderText" time="0.014"/>
  <testcase classname="tests.FormFieldsTest" name="fillFields" time="0.711"/>
  <testcase classname="tests.FormFieldsTest" name="acceptAlert" time="0.011"/>
</testsuite> <!-- tests.FormFieldsTest -->
