<?xml version="1.0" encoding="UTF-8"?>
<!-- Generated by org.testng.reporters.JUnitReportReporter -->
<testsuite hostname="DESKTOP-C47RPAV" failures="0" tests="4" name="tests.SliderTest" time="0.072" errors="0" timestamp="2025-06-28T19:57:44 GET" skipped="0">
  <testcase classname="tests.SliderTest" name="verifyHeaderText" time="0.012"/>
  <testcase classname="tests.SliderTest" name="moveSliderBy101" time="0.023"/>
  <testcase classname="tests.SliderTest" name="moveSliderBy50" time="0.018"/>
  <testcase classname="tests.SliderTest" name="moveSliderByNegative1" time="0.019"/>
</testsuite> <!-- tests.SliderTest -->
