<?xml version="1.0" encoding="UTF-8"?>
<!-- Generated by org.testng.reporters.JUnitReportReporter -->
<testsuite hostname="DESKTOP-C47RPAV" failures="0" tests="4" name="tests.PopupsTest" time="0.378" errors="0" timestamp="2025-06-28T19:57:44 GET" skipped="0">
  <testcase classname="tests.PopupsTest" name="verifyHeaderText" time="0.018"/>
  <testcase classname="tests.PopupsTest" name="testAlertPopup" time="0.055"/>
  <testcase classname="tests.PopupsTest" name="testConfirmPopup" time="0.155"/>
  <testcase classname="tests.PopupsTest" name="testPromptPopup" time="0.150"/>
</testsuite> <!-- tests.PopupsTest -->
