<?xml version="1.0" encoding="UTF-8"?>
<!-- Generated by org.testng.reporters.JUnitReportReporter -->
<testsuite hostname="DESKTOP-C47RPAV" failures="0" tests="4" name="tests.WindowOperationsTest" time="2.544" errors="0" timestamp="2025-06-28T19:57:44 GET" skipped="0">
  <testcase classname="tests.WindowOperationsTest" name="verifyHeaderText" time="0.016"/>
  <testcase classname="tests.WindowOperationsTest" name="verifyNewTabOpensAndCloses" time="1.444"/>
  <testcase classname="tests.WindowOperationsTest" name="verifyWindowIsReplaced" time="0.527"/>
  <testcase classname="tests.WindowOperationsTest" name="verifyNewWindowOpensAndCloses" time="0.557"/>
</testsuite> <!-- tests.WindowOperationsTest -->
