<?xml version="1.0" encoding="UTF-8"?>
<!-- Generated by org.testng.reporters.JUnitReportReporter -->
<testsuite hostname="DESKTOP-C47RPAV" failures="0" tests="3" name="tests.ModalsTest" time="1.438" errors="0" timestamp="2025-06-28T19:57:44 GET" skipped="0">
  <testcase classname="tests.ModalsTest" name="verifyHeaderText" time="0.050"/>
  <testcase classname="tests.ModalsTest" name="verifySimpleModal" time="0.695"/>
  <testcase classname="tests.ModalsTest" name="verifyFormModal" time="0.693"/>
</testsuite> <!-- tests.ModalsTest -->
